Symlinking /home/nao_a/ros/hrs_project/devel/lib/python2.7/dist-packages/hrs_project/__init__.py
Symlinking /home/nao_a/ros/hrs_project/devel/lib/python2.7/dist-packages/hrs_project/msg/_SetSpeechVocabularyGoal.py
Symlinking /home/nao_a/ros/hrs_project/devel/lib/python2.7/dist-packages/hrs_project/msg/_SpeechWithFeedbackActionGoal.py
Symlinking /home/nao_a/ros/hrs_project/devel/lib/python2.7/dist-packages/hrs_project/msg/_BlinkActionFeedback.py
Symlinking /home/nao_a/ros/hrs_project/devel/lib/python2.7/dist-packages/hrs_project/msg/_SetSpeechVocabularyActionFeedback.py
Symlinking /home/nao_a/ros/hrs_project/devel/lib/python2.7/dist-packages/hrs_project/msg/_BlinkGoal.py
Symlinking /home/nao_a/ros/hrs_project/devel/lib/python2.7/dist-packages/hrs_project/msg/_BlinkFeedback.py
Symlinking /home/nao_a/ros/hrs_project/devel/lib/python2.7/dist-packages/hrs_project/msg/_SetSpeechVocabularyActionResult.py
Symlinking /home/nao_a/ros/hrs_project/devel/lib/python2.7/dist-packages/hrs_project/msg/_BlinkAction.py
Symlinking /home/nao_a/ros/hrs_project/devel/lib/python2.7/dist-packages/hrs_project/msg/_SetSpeechVocabularyAction.py
Symlinking /home/nao_a/ros/hrs_project/devel/lib/python2.7/dist-packages/hrs_project/msg/_SpeechWithFeedbackActionFeedback.py
Symlinking /home/nao_a/ros/hrs_project/devel/lib/python2.7/dist-packages/hrs_project/msg/_SpeechWithFeedbackFeedback.py
Symlinking /home/nao_a/ros/hrs_project/devel/lib/python2.7/dist-packages/hrs_project/msg/__init__.py
Symlinking /home/nao_a/ros/hrs_project/devel/lib/python2.7/dist-packages/hrs_project/msg/_SpeechWithFeedbackGoal.py
Symlinking /home/nao_a/ros/hrs_project/devel/lib/python2.7/dist-packages/hrs_project/msg/_BlinkResult.py
Symlinking /home/nao_a/ros/hrs_project/devel/lib/python2.7/dist-packages/hrs_project/msg/_SetSpeechVocabularyResult.py
Symlinking /home/nao_a/ros/hrs_project/devel/lib/python2.7/dist-packages/hrs_project/msg/_SpeechWithFeedbackResult.py
Symlinking /home/nao_a/ros/hrs_project/devel/lib/python2.7/dist-packages/hrs_project/msg/_BlinkActionGoal.py
Symlinking /home/nao_a/ros/hrs_project/devel/lib/python2.7/dist-packages/hrs_project/msg/_SpeechWithFeedbackAction.py
Symlinking /home/nao_a/ros/hrs_project/devel/lib/python2.7/dist-packages/hrs_project/msg/_SetSpeechVocabularyFeedback.py
Symlinking /home/nao_a/ros/hrs_project/devel/lib/python2.7/dist-packages/hrs_project/msg/_SetSpeechVocabularyActionGoal.py
Symlinking /home/nao_a/ros/hrs_project/devel/lib/python2.7/dist-packages/hrs_project/msg/_SpeechWithFeedbackActionResult.py
Symlinking /home/nao_a/ros/hrs_project/devel/lib/python2.7/dist-packages/hrs_project/msg/_BlinkActionResult.py
Symlinking /home/nao_a/ros/hrs_project/devel/lib/python2.7/dist-packages/hrs_project/srv/_MoveJoints.py
Symlinking /home/nao_a/ros/hrs_project/devel/lib/python2.7/dist-packages/hrs_project/srv/__init__.py
Symlinking /home/nao_a/ros/hrs_project/devel/lib/pkgconfig/hrs_project.pc
Symlinking /home/nao_a/ros/hrs_project/devel/lib/hrs_project/client
Symlinking /home/nao_a/ros/hrs_project/devel/include/hrs_project/SpeechWithFeedbackActionFeedback.h
Symlinking /home/nao_a/ros/hrs_project/devel/include/hrs_project/SetSpeechVocabularyActionFeedback.h
Symlinking /home/nao_a/ros/hrs_project/devel/include/hrs_project/SetSpeechVocabularyGoal.h
Symlinking /home/nao_a/ros/hrs_project/devel/include/hrs_project/MoveJointsResponse.h
Symlinking /home/nao_a/ros/hrs_project/devel/include/hrs_project/BlinkActionResult.h
Symlinking /home/nao_a/ros/hrs_project/devel/include/hrs_project/SpeechWithFeedbackAction.h
Symlinking /home/nao_a/ros/hrs_project/devel/include/hrs_project/SetSpeechVocabularyActionGoal.h
Symlinking /home/nao_a/ros/hrs_project/devel/include/hrs_project/BlinkActionFeedback.h
Symlinking /home/nao_a/ros/hrs_project/devel/include/hrs_project/MoveJointsRequest.h
Symlinking /home/nao_a/ros/hrs_project/devel/include/hrs_project/SpeechWithFeedbackActionGoal.h
Symlinking /home/nao_a/ros/hrs_project/devel/include/hrs_project/SpeechWithFeedbackFeedback.h
Symlinking /home/nao_a/ros/hrs_project/devel/include/hrs_project/BlinkFeedback.h
Symlinking /home/nao_a/ros/hrs_project/devel/include/hrs_project/SetSpeechVocabularyAction.h
Symlinking /home/nao_a/ros/hrs_project/devel/include/hrs_project/MoveJoints.h
Symlinking /home/nao_a/ros/hrs_project/devel/include/hrs_project/BlinkActionGoal.h
Symlinking /home/nao_a/ros/hrs_project/devel/include/hrs_project/SpeechWithFeedbackGoal.h
Symlinking /home/nao_a/ros/hrs_project/devel/include/hrs_project/BlinkGoal.h
Symlinking /home/nao_a/ros/hrs_project/devel/include/hrs_project/SpeechWithFeedbackActionResult.h
Symlinking /home/nao_a/ros/hrs_project/devel/include/hrs_project/BlinkAction.h
Symlinking /home/nao_a/ros/hrs_project/devel/include/hrs_project/BlinkResult.h
Symlinking /home/nao_a/ros/hrs_project/devel/include/hrs_project/SetSpeechVocabularyActionResult.h
Symlinking /home/nao_a/ros/hrs_project/devel/include/hrs_project/SetSpeechVocabularyResult.h
Symlinking /home/nao_a/ros/hrs_project/devel/include/hrs_project/SpeechWithFeedbackResult.h
Symlinking /home/nao_a/ros/hrs_project/devel/include/hrs_project/SetSpeechVocabularyFeedback.h
Symlinking /home/nao_a/ros/hrs_project/devel/share/roseus/ros/hrs_project/manifest.l
Symlinking /home/nao_a/ros/hrs_project/devel/share/roseus/ros/hrs_project/msg/SetSpeechVocabularyAction.l
Symlinking /home/nao_a/ros/hrs_project/devel/share/roseus/ros/hrs_project/msg/BlinkActionGoal.l
Symlinking /home/nao_a/ros/hrs_project/devel/share/roseus/ros/hrs_project/msg/SetSpeechVocabularyGoal.l
Symlinking /home/nao_a/ros/hrs_project/devel/share/roseus/ros/hrs_project/msg/BlinkActionFeedback.l
Symlinking /home/nao_a/ros/hrs_project/devel/share/roseus/ros/hrs_project/msg/SetSpeechVocabularyResult.l
Symlinking /home/nao_a/ros/hrs_project/devel/share/roseus/ros/hrs_project/msg/SetSpeechVocabularyActionResult.l
Symlinking /home/nao_a/ros/hrs_project/devel/share/roseus/ros/hrs_project/msg/SpeechWithFeedbackGoal.l
Symlinking /home/nao_a/ros/hrs_project/devel/share/roseus/ros/hrs_project/msg/SpeechWithFeedbackAction.l
Symlinking /home/nao_a/ros/hrs_project/devel/share/roseus/ros/hrs_project/msg/SpeechWithFeedbackActionGoal.l
Symlinking /home/nao_a/ros/hrs_project/devel/share/roseus/ros/hrs_project/msg/SetSpeechVocabularyFeedback.l
Symlinking /home/nao_a/ros/hrs_project/devel/share/roseus/ros/hrs_project/msg/BlinkGoal.l
Symlinking /home/nao_a/ros/hrs_project/devel/share/roseus/ros/hrs_project/msg/SpeechWithFeedbackActionResult.l
Symlinking /home/nao_a/ros/hrs_project/devel/share/roseus/ros/hrs_project/msg/SetSpeechVocabularyActionFeedback.l
Symlinking /home/nao_a/ros/hrs_project/devel/share/roseus/ros/hrs_project/msg/BlinkActionResult.l
Symlinking /home/nao_a/ros/hrs_project/devel/share/roseus/ros/hrs_project/msg/SpeechWithFeedbackActionFeedback.l
Symlinking /home/nao_a/ros/hrs_project/devel/share/roseus/ros/hrs_project/msg/SpeechWithFeedbackResult.l
Symlinking /home/nao_a/ros/hrs_project/devel/share/roseus/ros/hrs_project/msg/BlinkAction.l
Symlinking /home/nao_a/ros/hrs_project/devel/share/roseus/ros/hrs_project/msg/BlinkResult.l
Symlinking /home/nao_a/ros/hrs_project/devel/share/roseus/ros/hrs_project/msg/SetSpeechVocabularyActionGoal.l
Symlinking /home/nao_a/ros/hrs_project/devel/share/roseus/ros/hrs_project/msg/BlinkFeedback.l
Symlinking /home/nao_a/ros/hrs_project/devel/share/roseus/ros/hrs_project/msg/SpeechWithFeedbackFeedback.l
Symlinking /home/nao_a/ros/hrs_project/devel/share/roseus/ros/hrs_project/srv/MoveJoints.l
Symlinking /home/nao_a/ros/hrs_project/devel/share/hrs_project/cmake/hrs_projectConfig.cmake
Symlinking /home/nao_a/ros/hrs_project/devel/share/hrs_project/cmake/hrs_projectConfig-version.cmake
Symlinking /home/nao_a/ros/hrs_project/devel/share/hrs_project/cmake/hrs_project-msg-extras.cmake
Symlinking /home/nao_a/ros/hrs_project/devel/share/hrs_project/cmake/hrs_project-msg-paths.cmake
Symlinking /home/nao_a/ros/hrs_project/devel/share/hrs_project/msg/SetSpeechVocabularyActionFeedback.msg
Symlinking /home/nao_a/ros/hrs_project/devel/share/hrs_project/msg/SpeechWithFeedbackFeedback.msg
Symlinking /home/nao_a/ros/hrs_project/devel/share/hrs_project/msg/BlinkActionResult.msg
Symlinking /home/nao_a/ros/hrs_project/devel/share/hrs_project/msg/BlinkResult.msg
Symlinking /home/nao_a/ros/hrs_project/devel/share/hrs_project/msg/BlinkActionGoal.msg
Symlinking /home/nao_a/ros/hrs_project/devel/share/hrs_project/msg/SpeechWithFeedbackActionGoal.msg
Symlinking /home/nao_a/ros/hrs_project/devel/share/hrs_project/msg/BlinkAction.msg
Symlinking /home/nao_a/ros/hrs_project/devel/share/hrs_project/msg/SetSpeechVocabularyFeedback.msg
Symlinking /home/nao_a/ros/hrs_project/devel/share/hrs_project/msg/SpeechWithFeedbackActionFeedback.msg
Symlinking /home/nao_a/ros/hrs_project/devel/share/hrs_project/msg/BlinkFeedback.msg
Symlinking /home/nao_a/ros/hrs_project/devel/share/hrs_project/msg/SpeechWithFeedbackGoal.msg
Symlinking /home/nao_a/ros/hrs_project/devel/share/hrs_project/msg/BlinkActionFeedback.msg
Symlinking /home/nao_a/ros/hrs_project/devel/share/hrs_project/msg/SpeechWithFeedbackActionResult.msg
Symlinking /home/nao_a/ros/hrs_project/devel/share/hrs_project/msg/SetSpeechVocabularyAction.msg
Symlinking /home/nao_a/ros/hrs_project/devel/share/hrs_project/msg/SetSpeechVocabularyGoal.msg
Symlinking /home/nao_a/ros/hrs_project/devel/share/hrs_project/msg/SetSpeechVocabularyActionResult.msg
Symlinking /home/nao_a/ros/hrs_project/devel/share/hrs_project/msg/SpeechWithFeedbackResult.msg
Symlinking /home/nao_a/ros/hrs_project/devel/share/hrs_project/msg/SetSpeechVocabularyActionGoal.msg
Symlinking /home/nao_a/ros/hrs_project/devel/share/hrs_project/msg/SpeechWithFeedbackAction.msg
Symlinking /home/nao_a/ros/hrs_project/devel/share/hrs_project/msg/BlinkGoal.msg
Symlinking /home/nao_a/ros/hrs_project/devel/share/hrs_project/msg/SetSpeechVocabularyResult.msg
Symlinking /home/nao_a/ros/hrs_project/devel/share/gennodejs/ros/hrs_project/_index.js
Symlinking /home/nao_a/ros/hrs_project/devel/share/gennodejs/ros/hrs_project/msg/SetSpeechVocabularyActionFeedback.js
Symlinking /home/nao_a/ros/hrs_project/devel/share/gennodejs/ros/hrs_project/msg/SpeechWithFeedbackAction.js
Symlinking /home/nao_a/ros/hrs_project/devel/share/gennodejs/ros/hrs_project/msg/BlinkActionGoal.js
Symlinking /home/nao_a/ros/hrs_project/devel/share/gennodejs/ros/hrs_project/msg/SpeechWithFeedbackActionFeedback.js
Symlinking /home/nao_a/ros/hrs_project/devel/share/gennodejs/ros/hrs_project/msg/SpeechWithFeedbackGoal.js
Symlinking /home/nao_a/ros/hrs_project/devel/share/gennodejs/ros/hrs_project/msg/SpeechWithFeedbackResult.js
Symlinking /home/nao_a/ros/hrs_project/devel/share/gennodejs/ros/hrs_project/msg/SetSpeechVocabularyAction.js
Symlinking /home/nao_a/ros/hrs_project/devel/share/gennodejs/ros/hrs_project/msg/SpeechWithFeedbackActionResult.js
Symlinking /home/nao_a/ros/hrs_project/devel/share/gennodejs/ros/hrs_project/msg/BlinkGoal.js
Symlinking /home/nao_a/ros/hrs_project/devel/share/gennodejs/ros/hrs_project/msg/BlinkAction.js
Symlinking /home/nao_a/ros/hrs_project/devel/share/gennodejs/ros/hrs_project/msg/SetSpeechVocabularyResult.js
Symlinking /home/nao_a/ros/hrs_project/devel/share/gennodejs/ros/hrs_project/msg/_index.js
Symlinking /home/nao_a/ros/hrs_project/devel/share/gennodejs/ros/hrs_project/msg/BlinkResult.js
Symlinking /home/nao_a/ros/hrs_project/devel/share/gennodejs/ros/hrs_project/msg/SetSpeechVocabularyActionResult.js
Symlinking /home/nao_a/ros/hrs_project/devel/share/gennodejs/ros/hrs_project/msg/SetSpeechVocabularyGoal.js
Symlinking /home/nao_a/ros/hrs_project/devel/share/gennodejs/ros/hrs_project/msg/BlinkActionResult.js
Symlinking /home/nao_a/ros/hrs_project/devel/share/gennodejs/ros/hrs_project/msg/BlinkFeedback.js
Symlinking /home/nao_a/ros/hrs_project/devel/share/gennodejs/ros/hrs_project/msg/BlinkActionFeedback.js
Symlinking /home/nao_a/ros/hrs_project/devel/share/gennodejs/ros/hrs_project/msg/SetSpeechVocabularyFeedback.js
Symlinking /home/nao_a/ros/hrs_project/devel/share/gennodejs/ros/hrs_project/msg/SpeechWithFeedbackFeedback.js
Symlinking /home/nao_a/ros/hrs_project/devel/share/gennodejs/ros/hrs_project/msg/SetSpeechVocabularyActionGoal.js
Symlinking /home/nao_a/ros/hrs_project/devel/share/gennodejs/ros/hrs_project/msg/SpeechWithFeedbackActionGoal.js
Symlinking /home/nao_a/ros/hrs_project/devel/share/gennodejs/ros/hrs_project/srv/_index.js
Symlinking /home/nao_a/ros/hrs_project/devel/share/gennodejs/ros/hrs_project/srv/MoveJoints.js
Symlinking /home/nao_a/ros/hrs_project/devel/share/common-lisp/ros/hrs_project/msg/BlinkActionGoal.lisp
Symlinking /home/nao_a/ros/hrs_project/devel/share/common-lisp/ros/hrs_project/msg/SetSpeechVocabularyFeedback.lisp
Symlinking /home/nao_a/ros/hrs_project/devel/share/common-lisp/ros/hrs_project/msg/SpeechWithFeedbackResult.lisp
Symlinking /home/nao_a/ros/hrs_project/devel/share/common-lisp/ros/hrs_project/msg/SetSpeechVocabularyGoal.lisp
Symlinking /home/nao_a/ros/hrs_project/devel/share/common-lisp/ros/hrs_project/msg/_package_BlinkActionFeedback.lisp
Symlinking /home/nao_a/ros/hrs_project/devel/share/common-lisp/ros/hrs_project/msg/_package_BlinkActionResult.lisp
Symlinking /home/nao_a/ros/hrs_project/devel/share/common-lisp/ros/hrs_project/msg/SpeechWithFeedbackGoal.lisp
Symlinking /home/nao_a/ros/hrs_project/devel/share/common-lisp/ros/hrs_project/msg/_package_SpeechWithFeedbackActionGoal.lisp
Symlinking /home/nao_a/ros/hrs_project/devel/share/common-lisp/ros/hrs_project/msg/SetSpeechVocabularyActionGoal.lisp
Symlinking /home/nao_a/ros/hrs_project/devel/share/common-lisp/ros/hrs_project/msg/BlinkAction.lisp
Symlinking /home/nao_a/ros/hrs_project/devel/share/common-lisp/ros/hrs_project/msg/_package_SetSpeechVocabularyFeedback.lisp
Symlinking /home/nao_a/ros/hrs_project/devel/share/common-lisp/ros/hrs_project/msg/_package_BlinkAction.lisp
Symlinking /home/nao_a/ros/hrs_project/devel/share/common-lisp/ros/hrs_project/msg/_package_SetSpeechVocabularyResult.lisp
Symlinking /home/nao_a/ros/hrs_project/devel/share/common-lisp/ros/hrs_project/msg/SetSpeechVocabularyResult.lisp
Symlinking /home/nao_a/ros/hrs_project/devel/share/common-lisp/ros/hrs_project/msg/_package_SpeechWithFeedbackResult.lisp
Symlinking /home/nao_a/ros/hrs_project/devel/share/common-lisp/ros/hrs_project/msg/_package_SetSpeechVocabularyAction.lisp
Symlinking /home/nao_a/ros/hrs_project/devel/share/common-lisp/ros/hrs_project/msg/_package_BlinkFeedback.lisp
Symlinking /home/nao_a/ros/hrs_project/devel/share/common-lisp/ros/hrs_project/msg/BlinkFeedback.lisp
Symlinking /home/nao_a/ros/hrs_project/devel/share/common-lisp/ros/hrs_project/msg/SpeechWithFeedbackFeedback.lisp
Symlinking /home/nao_a/ros/hrs_project/devel/share/common-lisp/ros/hrs_project/msg/_package.lisp
Symlinking /home/nao_a/ros/hrs_project/devel/share/common-lisp/ros/hrs_project/msg/_package_BlinkGoal.lisp
Symlinking /home/nao_a/ros/hrs_project/devel/share/common-lisp/ros/hrs_project/msg/BlinkActionResult.lisp
Symlinking /home/nao_a/ros/hrs_project/devel/share/common-lisp/ros/hrs_project/msg/SpeechWithFeedbackAction.lisp
Symlinking /home/nao_a/ros/hrs_project/devel/share/common-lisp/ros/hrs_project/msg/hrs_project-msg.asd
Symlinking /home/nao_a/ros/hrs_project/devel/share/common-lisp/ros/hrs_project/msg/_package_SpeechWithFeedbackActionFeedback.lisp
Symlinking /home/nao_a/ros/hrs_project/devel/share/common-lisp/ros/hrs_project/msg/BlinkActionFeedback.lisp
Symlinking /home/nao_a/ros/hrs_project/devel/share/common-lisp/ros/hrs_project/msg/SpeechWithFeedbackActionFeedback.lisp
Symlinking /home/nao_a/ros/hrs_project/devel/share/common-lisp/ros/hrs_project/msg/SpeechWithFeedbackActionResult.lisp
Symlinking /home/nao_a/ros/hrs_project/devel/share/common-lisp/ros/hrs_project/msg/BlinkGoal.lisp
Symlinking /home/nao_a/ros/hrs_project/devel/share/common-lisp/ros/hrs_project/msg/_package_SetSpeechVocabularyActionFeedback.lisp
Symlinking /home/nao_a/ros/hrs_project/devel/share/common-lisp/ros/hrs_project/msg/_package_SpeechWithFeedbackFeedback.lisp
Symlinking /home/nao_a/ros/hrs_project/devel/share/common-lisp/ros/hrs_project/msg/_package_SetSpeechVocabularyActionGoal.lisp
Symlinking /home/nao_a/ros/hrs_project/devel/share/common-lisp/ros/hrs_project/msg/_package_BlinkActionGoal.lisp
Symlinking /home/nao_a/ros/hrs_project/devel/share/common-lisp/ros/hrs_project/msg/BlinkResult.lisp
Symlinking /home/nao_a/ros/hrs_project/devel/share/common-lisp/ros/hrs_project/msg/_package_SpeechWithFeedbackActionResult.lisp
Symlinking /home/nao_a/ros/hrs_project/devel/share/common-lisp/ros/hrs_project/msg/_package_SpeechWithFeedbackAction.lisp
Symlinking /home/nao_a/ros/hrs_project/devel/share/common-lisp/ros/hrs_project/msg/_package_SpeechWithFeedbackGoal.lisp
Symlinking /home/nao_a/ros/hrs_project/devel/share/common-lisp/ros/hrs_project/msg/SetSpeechVocabularyAction.lisp
Symlinking /home/nao_a/ros/hrs_project/devel/share/common-lisp/ros/hrs_project/msg/_package_SetSpeechVocabularyActionResult.lisp
Symlinking /home/nao_a/ros/hrs_project/devel/share/common-lisp/ros/hrs_project/msg/_package_BlinkResult.lisp
Symlinking /home/nao_a/ros/hrs_project/devel/share/common-lisp/ros/hrs_project/msg/SpeechWithFeedbackActionGoal.lisp
Symlinking /home/nao_a/ros/hrs_project/devel/share/common-lisp/ros/hrs_project/msg/SetSpeechVocabularyActionResult.lisp
Symlinking /home/nao_a/ros/hrs_project/devel/share/common-lisp/ros/hrs_project/msg/SetSpeechVocabularyActionFeedback.lisp
Symlinking /home/nao_a/ros/hrs_project/devel/share/common-lisp/ros/hrs_project/msg/_package_SetSpeechVocabularyGoal.lisp
Symlinking /home/nao_a/ros/hrs_project/devel/share/common-lisp/ros/hrs_project/srv/_package.lisp
Symlinking /home/nao_a/ros/hrs_project/devel/share/common-lisp/ros/hrs_project/srv/_package_MoveJoints.lisp
Symlinking /home/nao_a/ros/hrs_project/devel/share/common-lisp/ros/hrs_project/srv/MoveJoints.lisp
Symlinking /home/nao_a/ros/hrs_project/devel/share/common-lisp/ros/hrs_project/srv/hrs_project-srv.asd
